#
# A fatal error has been detected by the Java Runtime Environment:
#
#  EXCEPTION_ACCESS_VIOLATION (0xc0000005) at pc=0x00007ffcfa1be0ea, pid=11756, tid=0x000000000000143c
#
# JRE version: Java(TM) SE Runtime Environment (8.0_111-b14) (build 1.8.0_111-b14)
# Java VM: Java HotSpot(TM) 64-Bit Server VM (25.111-b14 mixed mode windows-amd64 compressed oops)
# Problematic frame:
# C  [lwjgl_opengl.dll+0xe0ea]
#
# Failed to write core dump. Minidumps are not enabled by default on client versions of Windows
#
# If you would like to submit a bug report, please visit:
#   http://bugreport.java.com/bugreport/crash.jsp
# The crash happened outside the Java Virtual Machine in native code.
# See problematic frame for where to report the bug.
#

---------------  T H R E A D  ---------------

Current thread (0x000000001e06c800):  JavaThread "Display" [_thread_in_native, id=5180, stack(0x000000001ec10000,0x000000001ed10000)]

siginfo: ExceptionCode=0xc0000005, reading address 0x0000000000000be0

Registers:
RAX=0x000000006970ed50, RBX=0x000000001bf5d0d8, RCX=0x0000000000000b71, RDX=0x0000000000000000
RSP=0x000000001ed0f1b8, RBP=0x000000001ed0f228, RSI=0x0000000000200021, RDI=0x0000000002cb835d
R8 =0x0000000000000b71, R9 =0x000000001e41d510, R10=0x0000000002cc7f48, R11=0x000000006919b580
R12=0x0000000000000000, R13=0x000000001bf5d0d8, R14=0x000000001ed0f248, R15=0x000000001e06c800
RIP=0x00007ffcfa1be0ea, EFLAGS=0x0000000000010206

Top of Stack: (sp=0x000000001ed0f1b8)
0x000000001ed0f1b8:   0000000002cc7f74 000000001e06c800
0x000000001ed0f1c8:   000000001bf5d0d8 0000000000200021
0x000000001ed0f1d8:   000000001e06c800 0000000002cc7ca2
0x000000001ed0f1e8:   000000001ed0f1e8 000000001bf5d0d8
0x000000001ed0f1f8:   000000001ed0f248 000000001bf80a70
0x000000001ed0f208:   0000000000000000 000000001bf5d0d8
0x000000001ed0f218:   0000000000000000 000000001ed0f248
0x000000001ed0f228:   000000001ed0f290 0000000002cb835d
0x000000001ed0f238:   000000076bacdb40 0000000002cc19d8
0x000000001ed0f248:   0000000000000b71 000000001ed0f250
0x000000001ed0f258:   000000001bd7331c 000000001ed0f2a8
0x000000001ed0f268:   000000001bd74ab8 0000000000000000
0x000000001ed0f278:   000000001bd733a8 000000001ed0f248
0x000000001ed0f288:   000000001ed0f2a8 000000001ed0f2f0
0x000000001ed0f298:   0000000002cb835d 000000076ba87088
0x000000001ed0f2a8:   000000076b28cf88 000000001ed0f2b0 

Instructions: (pc=0x00007ffcfa1be0ea)
0x00007ffcfa1be0ca:   28 49 8b d1 48 8b 48 18 48 8b 81 e0 19 00 00 41
0x00007ffcfa1be0da:   8b ca 48 ff e0 cc 48 8b 01 41 8b c8 48 8b 50 18
0x00007ffcfa1be0ea:   48 ff a2 e0 0b 00 00 cc cc cc cc cc cc cc cc cc
0x00007ffcfa1be0fa:   cc cc cc cc cc cc 48 8b 01 41 8b c8 48 8b 50 18 


Register to memory mapping:

RAX=0x000000006970ed50 is an unknown value
RBX={method} {0x000000001bf5d0e0} 'glEnable' '(I)V' in 'org/lwjgl/opengl/GL11'
RCX=0x0000000000000b71 is an unknown value
RDX=0x0000000000000000 is an unknown value
RSP=0x000000001ed0f1b8 is pointing into the stack for thread: 0x000000001e06c800
RBP=0x000000001ed0f228 is pointing into the stack for thread: 0x000000001e06c800
RSI=0x0000000000200021 is an unknown value
RDI=0x0000000002cb835d is at code_begin+2301 in an Interpreter codelet
invoke return entry points  [0x0000000002cb7a60, 0x0000000002cb8440]  2528 bytes
R8 =0x0000000000000b71 is an unknown value
R9 =0x000000001e41d510 is an unknown value
R10=0x0000000002cc7f48 is at code_begin+840 in an Interpreter codelet
method entry point (kind = native)  [0x0000000002cc7c00, 0x0000000002cc8560]  2400 bytes
R11=0x000000006919b580 is an unknown value
R12=0x0000000000000000 is an unknown value
R13={method} {0x000000001bf5d0e0} 'glEnable' '(I)V' in 'org/lwjgl/opengl/GL11'
R14=0x000000001ed0f248 is pointing into the stack for thread: 0x000000001e06c800
R15=0x000000001e06c800 is a thread


Stack: [0x000000001ec10000,0x000000001ed10000],  sp=0x000000001ed0f1b8,  free space=1020k
Native frames: (J=compiled Java code, j=interpreted, Vv=VM code, C=native code)
C  [lwjgl_opengl.dll+0xe0ea]

Java frames: (J=compiled Java code, j=interpreted, Vv=VM code)
j  org.lwjgl.opengl.GL11.glEnable(I)V+0
j  code.Game.initialize()V+180
j  code.Game.run()V+1
j  java.lang.Thread.run()V+11
v  ~StubRoutines::call_stub

---------------  P R O C E S S  ---------------

Java Threads: ( => current thread )
  0x0000000002bb5000 JavaThread "DestroyJavaVM" [_thread_blocked, id=18336, stack(0x0000000002a30000,0x0000000002b30000)]
=>0x000000001e06c800 JavaThread "Display" [_thread_in_native, id=5180, stack(0x000000001ec10000,0x000000001ed10000)]
  0x000000001e043800 JavaThread "Monitor Ctrl-Break" daemon [_thread_in_native, id=16436, stack(0x000000001e310000,0x000000001e410000)]
  0x000000001c36e800 JavaThread "Service Thread" daemon [_thread_blocked, id=18232, stack(0x000000001e070000,0x000000001e170000)]
  0x000000001c31a800 JavaThread "C1 CompilerThread2" daemon [_thread_blocked, id=17912, stack(0x000000001db70000,0x000000001dc70000)]
  0x000000001c315000 JavaThread "C2 CompilerThread1" daemon [_thread_blocked, id=6924, stack(0x000000001da70000,0x000000001db70000)]
  0x000000001c312800 JavaThread "C2 CompilerThread0" daemon [_thread_blocked, id=2860, stack(0x000000001d970000,0x000000001da70000)]
  0x000000001c311000 JavaThread "Attach Listener" daemon [_thread_blocked, id=8756, stack(0x000000001d870000,0x000000001d970000)]
  0x000000001c310000 JavaThread "Signal Dispatcher" daemon [_thread_blocked, id=17728, stack(0x000000001d770000,0x000000001d870000)]
  0x000000001c2fa800 JavaThread "Finalizer" daemon [_thread_blocked, id=12112, stack(0x000000001d560000,0x000000001d660000)]
  0x0000000002ca4000 JavaThread "Reference Handler" daemon [_thread_blocked, id=8888, stack(0x000000001d460000,0x000000001d560000)]

Other Threads:
  0x000000001c2d7000 VMThread [stack: 0x000000001d360000,0x000000001d460000] [id=12032]
  0x000000001dc8e000 WatcherThread [stack: 0x000000001e170000,0x000000001e270000] [id=7920]

VM state:not at safepoint (normal execution)

VM Mutex/Monitor currently owned by a thread: None

Heap:
 PSYoungGen      total 76288K, used 13123K [0x000000076af00000, 0x0000000770400000, 0x00000007c0000000)
  eden space 65536K, 20% used [0x000000076af00000,0x000000076bbd0f38,0x000000076ef00000)
  from space 10752K, 0% used [0x000000076f980000,0x000000076f980000,0x0000000770400000)
  to   space 10752K, 0% used [0x000000076ef00000,0x000000076ef00000,0x000000076f980000)
 ParOldGen       total 175104K, used 0K [0x00000006c0c00000, 0x00000006cb700000, 0x000000076af00000)
  object space 175104K, 0% used [0x00000006c0c00000,0x00000006c0c00000,0x00000006cb700000)
 Metaspace       used 6981K, capacity 7218K, committed 7296K, reserved 1056768K
  class space    used 767K, capacity 838K, committed 896K, reserved 1048576K

Card table byte_map: [0x0000000012070000,0x0000000012870000] byte_map_base: 0x000000000ea6a000

Marking Bits: (ParMarkBitMap*) 0x000000006978a6c0
 Begin Bits: [0x00000000131d0000, 0x00000000171a0000)
 End Bits:   [0x00000000171a0000, 0x000000001b170000)

Polling page: 0x0000000001040000

CodeCache: size=245760Kb used=2607Kb max_used=2623Kb free=243153Kb
 bounds [0x0000000002cb0000, 0x0000000002f50000, 0x0000000011cb0000]
 total_blobs=1284 nmethods=564 adapters=633
 compilation: enabled

Compilation events (10 events):
Event: 1.326 Thread 0x000000001c31a800 nmethod 558 0x0000000002f2e590 code [0x0000000002f2e700, 0x0000000002f2e928]
Event: 1.326 Thread 0x000000001c31a800  559       3       java.nio.HeapByteBuffer::put (167 bytes)
Event: 1.327 Thread 0x000000001c31a800 nmethod 559 0x0000000002f2e9d0 code [0x0000000002f2ec40, 0x0000000002f30058]
Event: 1.327 Thread 0x000000001c31a800  561       3       sun.security.provider.DigestBase::implCompressMultiBlock (23 bytes)
Event: 1.327 Thread 0x000000001c31a800 nmethod 561 0x0000000002f30510 code [0x0000000002f30680, 0x0000000002f30968]
Event: 1.327 Thread 0x000000001c31a800  560       3       java.nio.DirectByteBuffer::get (126 bytes)
Event: 1.327 Thread 0x000000001c31a800 nmethod 560 0x0000000002f30a50 code [0x0000000002f30c20, 0x0000000002f313c8]
Event: 1.328 Thread 0x000000001c31a800  562       3       java.io.WinNTFileSystem::resolve (231 bytes)
Event: 1.328 Thread 0x000000001c31a800 nmethod 562 0x0000000002f31710 code [0x0000000002f319e0, 0x0000000002f33268]
Event: 1.329 Thread 0x000000001c31a800  563       3       java.io.File::<init> (113 bytes)

GC Heap History (0 events):
No events

Deoptimization events (2 events):
Event: 0.140 Thread 0x0000000002bb5000 Uncommon trap: reason=unstable_if action=reinterpret pc=0x0000000002dd2874 method=java.lang.String.hashCode()I @ 14
Event: 0.256 Thread 0x000000001e06c800 Uncommon trap: reason=unstable_if action=reinterpret pc=0x0000000002e6e1a4 method=java.lang.String.indexOf([CII[CIII)I @ 3

Internal exceptions (10 events):
Event: 0.021 Thread 0x0000000002bb5000 Exception <a 'java/lang/NoSuchMethodError': Method sun.misc.Unsafe.prefetchRead(Ljava/lang/Object;J)V name or signature does not match> (0x000000076af07f60) thrown at [C:\re\workspace\8-2-build-windows-amd64-cygwin\jdk8u111\7883\hotspot\src\share\vm\prims
Event: 0.172 Thread 0x000000001e06c800 Exception <a 'java/lang/NoSuchMethodError': java.lang.Object.lambda$static$0(Ljava/lang/String;)Ljava/lang/Boolean;> (0x000000076b60b4f0) thrown at [C:\re\workspace\8-2-build-windows-amd64-cygwin\jdk8u111\7883\hotspot\src\share\vm\interpreter\linkResolver
Event: 0.179 Thread 0x000000001e06c800 Exception <a 'java/lang/NoSuchFieldError': method resolution failed> (0x000000076b683268) thrown at [C:\re\workspace\8-2-build-windows-amd64-cygwin\jdk8u111\7883\hotspot\src\share\vm\prims\methodHandles.cpp, line 1146]
Event: 0.180 Thread 0x000000001e06c800 Exception <a 'java/lang/NoSuchFieldError': method resolution failed> (0x000000076b690668) thrown at [C:\re\workspace\8-2-build-windows-amd64-cygwin\jdk8u111\7883\hotspot\src\share\vm\prims\methodHandles.cpp, line 1146]
Event: 0.230 Thread 0x000000001e06c800 Exception <a 'java/security/PrivilegedActionException'> (0x000000076b81b188) thrown at [C:\re\workspace\8-2-build-windows-amd64-cygwin\jdk8u111\7883\hotspot\src\share\vm\prims\jvm.cpp, line 1386]
Event: 0.230 Thread 0x000000001e06c800 Exception <a 'java/security/PrivilegedActionException'> (0x000000076b81b398) thrown at [C:\re\workspace\8-2-build-windows-amd64-cygwin\jdk8u111\7883\hotspot\src\share\vm\prims\jvm.cpp, line 1386]
Event: 0.230 Thread 0x000000001e06c800 Exception <a 'java/security/PrivilegedActionException'> (0x000000076b81f468) thrown at [C:\re\workspace\8-2-build-windows-amd64-cygwin\jdk8u111\7883\hotspot\src\share\vm\prims\jvm.cpp, line 1386]
Event: 0.230 Thread 0x000000001e06c800 Exception <a 'java/security/PrivilegedActionException'> (0x000000076b81f678) thrown at [C:\re\workspace\8-2-build-windows-amd64-cygwin\jdk8u111\7883\hotspot\src\share\vm\prims\jvm.cpp, line 1386]
Event: 1.328 Thread 0x000000001e06c800 Exception <a 'sun/nio/fs/WindowsException'> (0x000000076bb19a50) thrown at [C:\re\workspace\8-2-build-windows-amd64-cygwin\jdk8u111\7883\hotspot\src\share\vm\prims\jni.cpp, line 709]
Event: 1.328 Thread 0x000000001e06c800 Exception <a 'sun/nio/fs/WindowsException'> (0x000000076bb1a238) thrown at [C:\re\workspace\8-2-build-windows-amd64-cygwin\jdk8u111\7883\hotspot\src\share\vm\prims\jni.cpp, line 709]

Events (10 events):
Event: 1.328 loading class java/nio/file/NoSuchFileException
Event: 1.328 loading class java/nio/file/FileSystemException
Event: 1.328 loading class java/nio/file/FileSystemException done
Event: 1.328 loading class java/nio/file/NoSuchFileException done
Event: 1.328 loading class org/lwjgl/opengl/GL$1
Event: 1.328 loading class org/lwjgl/opengl/GL$1 done
Event: 1.329 loading class org/lwjgl/opengl/GL$SharedLibraryGL
Event: 1.329 loading class org/lwjgl/opengl/GL$SharedLibraryGL done
Event: 1.329 loading class org/lwjgl/system/SharedLibrary$Delegate
Event: 1.329 loading class org/lwjgl/system/SharedLibrary$Delegate done


Dynamic libraries:
0x00007ff6b0320000 - 0x00007ff6b0357000 	C:\Program Files\Java\jdk1.8.0_111\bin\java.exe
0x00007ffd0e3e0000 - 0x00007ffd0e5bb000 	C:\WINDOWS\SYSTEM32\ntdll.dll
0x00007ffcf43d0000 - 0x00007ffcf4403000 	C:\Program Files\AVAST Software\Avast\x64\aswhooka.dll
0x00007ffd0d210000 - 0x00007ffd0d2be000 	C:\WINDOWS\System32\KERNEL32.DLL
0x00007ffd0b690000 - 0x00007ffd0b8d9000 	C:\WINDOWS\System32\KERNELBASE.dll
0x00007ffd0e2b0000 - 0x00007ffd0e351000 	C:\WINDOWS\System32\ADVAPI32.dll
0x00007ffd0d830000 - 0x00007ffd0d8cd000 	C:\WINDOWS\System32\msvcrt.dll
0x00007ffd0b940000 - 0x00007ffd0b999000 	C:\WINDOWS\System32\sechost.dll
0x00007ffd0d070000 - 0x00007ffd0d195000 	C:\WINDOWS\System32\RPCRT4.dll
0x00007ffd0b9a0000 - 0x00007ffd0baea000 	C:\WINDOWS\System32\USER32.dll
0x00007ffd0add0000 - 0x00007ffd0adee000 	C:\WINDOWS\System32\win32u.dll
0x00007ffd0d010000 - 0x00007ffd0d037000 	C:\WINDOWS\System32\GDI32.dll
0x00007ffd0abd0000 - 0x00007ffd0ad58000 	C:\WINDOWS\System32\gdi32full.dll
0x00007ffd0b540000 - 0x00007ffd0b5da000 	C:\WINDOWS\System32\msvcp_win.dll
0x00007ffd0a900000 - 0x00007ffd0a9f6000 	C:\WINDOWS\System32\ucrtbase.dll
0x00007ffcffc70000 - 0x00007ffcffed7000 	C:\WINDOWS\WinSxS\amd64_microsoft.windows.common-controls_6595b64144ccf1df_6.0.15063.483_none_26002d27e7c744a2\COMCTL32.dll
0x00007ffd0d380000 - 0x00007ffd0d679000 	C:\WINDOWS\System32\combase.dll
0x00007ffd0ad60000 - 0x00007ffd0adca000 	C:\WINDOWS\System32\bcryptPrimitives.dll
0x00007ffd0d040000 - 0x00007ffd0d06d000 	C:\WINDOWS\System32\IMM32.DLL
0x0000000069d10000 - 0x0000000069de2000 	C:\Program Files\Java\jdk1.8.0_111\jre\bin\msvcr100.dll
0x0000000068f70000 - 0x000000006980a000 	C:\Program Files\Java\jdk1.8.0_111\jre\bin\server\jvm.dll
0x00007ffd0e3d0000 - 0x00007ffd0e3d8000 	C:\WINDOWS\System32\PSAPI.DLL
0x00007ffd04170000 - 0x00007ffd04179000 	C:\WINDOWS\SYSTEM32\WSOCK32.dll
0x00007ffd0e360000 - 0x00007ffd0e3cc000 	C:\WINDOWS\System32\WS2_32.dll
0x00007ffd08d40000 - 0x00007ffd08d63000 	C:\WINDOWS\SYSTEM32\WINMM.dll
0x00007ffd05650000 - 0x00007ffd0565a000 	C:\WINDOWS\SYSTEM32\VERSION.dll
0x00007ffd08cb0000 - 0x00007ffd08cdb000 	C:\WINDOWS\SYSTEM32\WINMMBASE.dll
0x00007ffd0b4f0000 - 0x00007ffd0b539000 	C:\WINDOWS\System32\cfgmgr32.dll
0x0000000069d00000 - 0x0000000069d0f000 	C:\Program Files\Java\jdk1.8.0_111\jre\bin\verify.dll
0x0000000069cd0000 - 0x0000000069cf9000 	C:\Program Files\Java\jdk1.8.0_111\jre\bin\java.dll
0x0000000069cb0000 - 0x0000000069cc6000 	C:\Program Files\Java\jdk1.8.0_111\jre\bin\zip.dll
0x00007ffd0baf0000 - 0x00007ffd0cf27000 	C:\WINDOWS\System32\SHELL32.dll
0x00007ffd0d2c0000 - 0x00007ffd0d36a000 	C:\WINDOWS\System32\shcore.dll
0x00007ffd0adf0000 - 0x00007ffd0b4e2000 	C:\WINDOWS\System32\windows.storage.dll
0x00007ffd0d1a0000 - 0x00007ffd0d1f1000 	C:\WINDOWS\System32\shlwapi.dll
0x00007ffd0a850000 - 0x00007ffd0a861000 	C:\WINDOWS\System32\kernel.appcore.dll
0x00007ffd0a890000 - 0x00007ffd0a8dc000 	C:\WINDOWS\System32\powrprof.dll
0x00007ffd0a8e0000 - 0x00007ffd0a8f5000 	C:\WINDOWS\System32\profapi.dll
0x00007ffd059d0000 - 0x00007ffd059e0000 	C:\Program Files (x86)\JetBrains\IntelliJ IDEA Community Edition 2016.2.5\bin\breakgen64.dll
0x0000000069c90000 - 0x0000000069caa000 	C:\Program Files\Java\jdk1.8.0_111\jre\bin\net.dll
0x00007ffd0a160000 - 0x00007ffd0a1bc000 	C:\WINDOWS\system32\mswsock.dll
0x0000000069c70000 - 0x0000000069c81000 	C:\Program Files\Java\jdk1.8.0_111\jre\bin\nio.dll
0x00007ffcfad00000 - 0x00007ffcfad57000 	C:\Users\theod\AppData\Local\Temp\lwjgltheod\3.1.2-build-29\lwjgl.dll
0x00007ffd028c0000 - 0x00007ffd028fc000 	C:\Users\theod\AppData\Local\Temp\lwjgltheod\3.1.2-build-29\jemalloc.dll
0x00007ffcfacc0000 - 0x00007ffcfacfd000 	C:\Users\theod\AppData\Local\Temp\lwjgltheod\3.1.2-build-29\glfw.dll
0x00007ffd09070000 - 0x00007ffd09105000 	C:\WINDOWS\system32\uxtheme.dll
0x00007ffcfaa40000 - 0x00007ffcfaa82000 	C:\WINDOWS\SYSTEM32\dinput8.dll
0x00007ffd04d70000 - 0x00007ffd04d7e000 	C:\WINDOWS\SYSTEM32\xinput1_4.dll
0x00007ffd09310000 - 0x00007ffd09338000 	C:\WINDOWS\SYSTEM32\DEVOBJ.dll
0x00007ffd078c0000 - 0x00007ffd078ea000 	C:\WINDOWS\SYSTEM32\dwmapi.dll
0x00007ffd0e140000 - 0x00007ffd0e2a6000 	C:\WINDOWS\System32\MSCTF.dll
0x00007ffd0d8d0000 - 0x00007ffd0d990000 	C:\WINDOWS\System32\OLEAUT32.dll
0x00007ffd09630000 - 0x00007ffd0963d000 	C:\WINDOWS\SYSTEM32\HID.DLL
0x00007ffd0da30000 - 0x00007ffd0de6b000 	C:\WINDOWS\System32\SETUPAPI.DLL
0x00007ffd0b8e0000 - 0x00007ffd0b936000 	C:\WINDOWS\System32\WINTRUST.dll
0x00007ffd0a870000 - 0x00007ffd0a881000 	C:\WINDOWS\System32\MSASN1.dll
0x00007ffd0aa00000 - 0x00007ffd0abc9000 	C:\WINDOWS\System32\CRYPT32.dll
0x00007ffcf8720000 - 0x00007ffcf8841000 	C:\WINDOWS\SYSTEM32\opengl32.dll
0x00007ffd02330000 - 0x00007ffd0235c000 	C:\WINDOWS\SYSTEM32\GLU32.dll
0x0000000066d70000 - 0x0000000068f6a000 	C:\WINDOWS\SYSTEM32\nvoglv64.DLL
0x00007ffd07660000 - 0x00007ffd07673000 	C:\WINDOWS\SYSTEM32\WTSAPI32.dll
0x00007ffd09b40000 - 0x00007ffd09b71000 	C:\WINDOWS\SYSTEM32\ntmarta.dll
0x00007ffcf91b0000 - 0x00007ffcf9385000 	C:\WINDOWS\system32\nvspcap64.dll
0x00007ffd0d6e0000 - 0x00007ffd0d825000 	C:\WINDOWS\System32\ole32.dll
0x00007ffd06f00000 - 0x00007ffd06fd7000 	C:\WINDOWS\SYSTEM32\WINHTTP.dll
0x00007ffd01420000 - 0x00007ffd01848000 	C:\WINDOWS\system32\nvapi64.dll
0x00007ffd09670000 - 0x00007ffd09714000 	C:\WINDOWS\SYSTEM32\dxgi.dll
0x00007ffd09b80000 - 0x00007ffd09bd5000 	C:\WINDOWS\SYSTEM32\WINSTA.dll
0x00007ffd02360000 - 0x00007ffd023e2000 	C:\WINDOWS\System32\TextInputFramework.dll
0x00007ffd062b0000 - 0x00007ffd06582000 	C:\WINDOWS\System32\CoreUIComponents.dll
0x00007ffd086f0000 - 0x00007ffd087d3000 	C:\WINDOWS\System32\CoreMessaging.dll
0x00007ffd06100000 - 0x00007ffd06239000 	C:\WINDOWS\SYSTEM32\wintypes.dll
0x00007ffd06240000 - 0x00007ffd06255000 	C:\WINDOWS\SYSTEM32\usermgrcli.dll
0x00007ffcfa1b0000 - 0x00007ffcfa20c000 	C:\Users\theod\AppData\Local\Temp\lwjgltheod\3.1.2-build-29\lwjgl_opengl.dll
0x00007ffd051a0000 - 0x00007ffd05349000 	C:\WINDOWS\SYSTEM32\dbghelp.dll

VM Arguments:
jvm_args: -Didea.launcher.port=7544 -Didea.launcher.bin.path=C:\Program Files (x86)\JetBrains\IntelliJ IDEA Community Edition 2016.2.5\bin -Dfile.encoding=UTF-8 
java_command: com.intellij.rt.execution.application.AppMain code.Game
java_class_path (initial): C:\Program Files\Java\jdk1.8.0_111\jre\lib\charsets.jar;C:\Program Files\Java\jdk1.8.0_111\jre\lib\deploy.jar;C:\Program Files\Java\jdk1.8.0_111\jre\lib\ext\access-bridge-64.jar;C:\Program Files\Java\jdk1.8.0_111\jre\lib\ext\cldrdata.jar;C:\Program Files\Java\jdk1.8.0_111\jre\lib\ext\dnsns.jar;C:\Program Files\Java\jdk1.8.0_111\jre\lib\ext\jaccess.jar;C:\Program Files\Java\jdk1.8.0_111\jre\lib\ext\jfxrt.jar;C:\Program Files\Java\jdk1.8.0_111\jre\lib\ext\localedata.jar;C:\Program Files\Java\jdk1.8.0_111\jre\lib\ext\nashorn.jar;C:\Program Files\Java\jdk1.8.0_111\jre\lib\ext\sunec.jar;C:\Program Files\Java\jdk1.8.0_111\jre\lib\ext\sunjce_provider.jar;C:\Program Files\Java\jdk1.8.0_111\jre\lib\ext\sunmscapi.jar;C:\Program Files\Java\jdk1.8.0_111\jre\lib\ext\sunpkcs11.jar;C:\Program Files\Java\jdk1.8.0_111\jre\lib\ext\zipfs.jar;C:\Program Files\Java\jdk1.8.0_111\jre\lib\javaws.jar;C:\Program Files\Java\jdk1.8.0_111\jre\lib\jce.jar;C:\Program Files\Java\jdk1.8.0_111\jre\lib\jfr.jar;C:\Program Files\Java\jdk1.8.0_111\jre\lib\jfxswt.jar;C:\Program Files\Java\jdk1.8.0_111\jre\lib\jsse.jar;C:\Program Files\Java\jdk1.8.0_111\jre\lib\management-agent.jar;C:\Program Files\Java\jdk1.8.0_111\jre\lib\plugin.jar;C:\Program Files\Java\jdk1.8.0_111\jre\lib\resources.jar;C:\Program Files\Java\jdk1.8.0_111\jre\lib\rt.jar;C:\Users\theod\Documents\GitHub\Spaxel\Spaxel\build\classes\main;C:\Users\theod\Documents\GitHub\Spaxel\Spaxel\build\resources\main;C:\Users\theod\.gradle\caches\modules-2\files-2.1\com.fasterxml.jackson.core\jackson-core\2.7.3\1499b854ae9f370409792db5af1b552dc7d9682f\jackson-core-2.7.3.jar;C:\Users\theod\.gradle\caches\modules-2\files-2.1\com.fasterxml.jackson.core\jackson-annotations\2.7.3\e250c11c1329c7b6b62442a9743befad78be553c\jackson-annotations-2.7.3.jar;C:\Users\theod\.gradle\caches\modules-2\files-2.1\com.fasterxml.jackson.core\jackson-databind\2.7.3\f12e6cd05cbaecd74d16e685d45b627732939e42\jackson-databind-2.7.3.jar;C:\Users\theod\
Launcher Type: SUN_STANDARD

Environment Variables:
PATH=C:\VulkanSDK\1.0.42.0\Bin;C:\ProgramData\Oracle\Java\javapath;C:\Windows\system32;C:\Windows;C:\Windows\System32\Wbem;C:\Windows\System32\WindowsPowerShell\v1.0\;C:\Program Files (x86)\NVIDIA Corporation\PhysX\Common;C:\Program Files\MiKTeX 2.9\miktex\bin\x64\;C:\Users\theod\.dnx\bin;C:\Program Files\Microsoft DNX\Dnvm\;C:\Program Files\Microsoft SQL Server\130\Tools\Binn\;C:\Program Files (x86)\Windows Kits\8.1\Windows Performance Toolkit\;C:\Program Files (x86)\nodejs\;C:\Program Files\PuTTY\;C:\WINDOWS\system32;C:\WINDOWS;C:\WINDOWS\System32\Wbem;C:\WINDOWS\System32\WindowsPowerShell\v1.0\;C:\Ruby23-x64\bin;C:\Users\theod\AppData\Local\Microsoft\WindowsApps;C:\Users\theod\AppData\Roaming\npm;C:\Program Files\PostgreSQL\9.6\bin;C:\Python27;C:\Python27\Scripts;
USERNAME=theod
OS=Windows_NT
PROCESSOR_IDE
---------------  S Y S T E M  ---------------

OS: Windows 10.0 , 64 bit Build 15063 (10.0.15063.296)

CPU:total 4 (4 cores per cpu, 1 threads per core) family 6 model 94 stepping 3, cmov, cx8, fxsr, mmx, sse, sse2, sse3, ssse3, sse4.1, sse4.2, popcnt, avx, avx2, aes, clmul, erms, rtm, 3dnowpref, lzcnt, tsc, tscinvbit, bmi1, bmi2, adx

Memory: 4k page, physical 16720548k(11212212k free), swap 19210916k(10824168k free)

vm_info: Java HotSpot(TM) 64-Bit Server VM (25.111-b14) for windows-amd64 JRE (1.8.0_111-b14), built on Sep 22 2016 19:24:05 by "java_re" with MS VC++ 10.0 (VS2010)

time: Wed Jul 26 00:17:04 2017
elapsed time: 1 seconds (0d 0h 0m 1s)

